<?xml version="1.0" encoding="UTF-8"?>
<testsuite name="edu.coursera.parallel.ReciprocalArraySumTest" time="6.861" tests="4" errors="0" skipped="0" failures="4">
  <properties>
[...]
</properties>
  <testcase name="testParSimpleTwoMillion" classname="edu.coursera.parallel.ReciprocalArraySumTest" time="0.129">
    <failure message="Mismatch in result for N = 2000000, expected = 104672.524998, computed = 102682.181965, absolute error = 1990.343033" type="junit.framework.AssertionFailedError">junit.framework.AssertionFailedError: Mismatch in result for N = 2000000, expected = 104672.524998, computed = 102682.181965, absolute error = 1990.343033
	at junit.framework.Assert.fail(Assert.java:47)
	at junit.framework.Assert.assertTrue(Assert.java:20)
	at edu.coursera.parallel.ReciprocalArraySumTest.parTestHelper(ReciprocalArraySumTest.java:83)
	at edu.coursera.parallel.ReciprocalArraySumTest.testParSimpleTwoMillion(ReciprocalArraySumTest.java:117)
</failure>
  </testcase>
  <testcase name="testParSimpleTwoHundredMillion" classname="edu.coursera.parallel.ReciprocalArraySumTest" time="3.541">
    <failure message="Mismatch in result for N = 200000000, expected = 10459940.214862, computed = 10468796.818388, absolute error = 8856.603525" type="junit.framework.AssertionFailedError">junit.framework.AssertionFailedError: Mismatch in result for N = 200000000, expected = 10459940.214862, computed = 10468796.818388, absolute error = 8856.603525
	at junit.framework.Assert.fail(Assert.java:47)
	at junit.framework.Assert.assertTrue(Assert.java:20)
	at edu.coursera.parallel.ReciprocalArraySumTest.parTestHelper(ReciprocalArraySumTest.java:83)
	at edu.coursera.parallel.ReciprocalArraySumTest.testParSimpleTwoHundredMillion(ReciprocalArraySumTest.java:127)
</failure>
  </testcase>
  <testcase name="testParManyTaskTwoMillion" classname="edu.coursera.parallel.ReciprocalArraySumTest" time="0.03">
    <failure message="Mismatch in result for N = 2000000, expected = 104672.524998, computed = 104748.083359, absolute error = 75.558361" type="junit.framework.AssertionFailedError">junit.framework.AssertionFailedError: Mismatch in result for N = 2000000, expected = 104672.524998, computed = 104748.083359, absolute error = 75.558361
	at junit.framework.Assert.fail(Assert.java:47)
	at junit.framework.Assert.assertTrue(Assert.java:20)
	at edu.coursera.parallel.ReciprocalArraySumTest.parTestHelper(ReciprocalArraySumTest.java:83)
	at edu.coursera.parallel.ReciprocalArraySumTest.testParManyTaskTwoMillion(ReciprocalArraySumTest.java:140)
</failure>
  </testcase>
  <testcase name="testParManyTaskTwoHundredMillion" classname="edu.coursera.parallel.ReciprocalArraySumTest" time="3.161">
    <failure message="Mismatch in result for N = 200000000, expected = 10459940.214862, computed = 10336444.932117, absolute error = 123495.282746" type="junit.framework.AssertionFailedError">junit.framework.AssertionFailedError: Mismatch in result for N = 200000000, expected = 10459940.214862, computed = 10336444.932117, absolute error = 123495.282746
	at junit.framework.Assert.fail(Assert.java:47)
	at junit.framework.Assert.assertTrue(Assert.java:20)
	at edu.coursera.parallel.ReciprocalArraySumTest.parTestHelper(ReciprocalArraySumTest.java:83)
	at edu.coursera.parallel.ReciprocalArraySumTest.testParManyTaskTwoHundredMillion(ReciprocalArraySumTest.java:151)
</failure>
  </testcase>
</testsuite>